{"timestamp":"2026-03-16T20:50:09.800726Z","level":"info","event":"DAG bundles loaded: dags-folder, example_dags","logger":"airflow.dag_processing.bundles.manager.DagBundlesManager","filename":"manager.py","lineno":179}
{"timestamp":"2026-03-16T20:50:09.801491Z","level":"info","event":"Filling up the DagBag from /workspaces/weather-pipeline/dags/weather_dag.py","logger":"airflow.models.dagbag.DagBag","filename":"dagbag.py","lineno":593}
{"timestamp":"2026-03-16T20:50:09.810320Z","level":"warning","event":"The `airflow.operators.bash.BashOperator` attribute is deprecated. Please use `'airflow.providers.standard.operators.bash.BashOperator'`.","category":"DeprecatedImportWarning","filename":"/workspaces/weather-pipeline/dags/weather_dag.py","lineno":2,"logger":"py.warnings"}
{"timestamp":"2026-03-16T20:50:09.810459Z","level":"warning","event":"The `airflow.operators.python.PythonOperator` attribute is deprecated. Please use `'airflow.providers.standard.operators.python.PythonOperator'`.","category":"DeprecatedImportWarning","filename":"/workspaces/weather-pipeline/dags/weather_dag.py","lineno":3,"logger":"py.warnings"}
{"timestamp":"2026-03-16T20:50:09.830897Z","level":"info","event":"Task instance is in running state","logger":"task.stdout"}
{"timestamp":"2026-03-16T20:50:09.831020Z","level":"info","event":" Previous state of the Task instance: TaskInstanceState.QUEUED","logger":"task.stdout"}
{"timestamp":"2026-03-16T20:50:09.831161Z","level":"info","event":"Current task name:dbt_run_1","logger":"task.stdout"}
{"timestamp":"2026-03-16T20:50:09.831243Z","level":"info","event":"Dag name:weather_update_1","logger":"task.stdout"}
{"timestamp":"2026-03-16T20:50:09.831691Z","level":"info","event":"Tmp dir root location: /tmp","logger":"airflow.task.hooks.airflow.providers.standard.hooks.subprocess.SubprocessHook","filename":"subprocess.py","lineno":78}
{"timestamp":"2026-03-16T20:50:09.832045Z","level":"info","event":"Running command: ['/usr/bin/bash', '-c', 'cd /workspaces/weather-pipeline/weather_dbt && dbt run']","logger":"airflow.task.hooks.airflow.providers.standard.hooks.subprocess.SubprocessHook","filename":"subprocess.py","lineno":88}
{"timestamp":"2026-03-16T20:50:09.839051Z","level":"info","event":"Output:","logger":"airflow.task.hooks.airflow.providers.standard.hooks.subprocess.SubprocessHook","filename":"subprocess.py","lineno":99}
{"timestamp":"2026-03-16T20:50:11.314828Z","level":"info","event":"\u001b[0m20:50:11  Running with dbt=1.9.3","logger":"airflow.task.hooks.airflow.providers.standard.hooks.subprocess.SubprocessHook","filename":"subprocess.py","lineno":106}
{"timestamp":"2026-03-16T20:50:11.578525Z","level":"info","event":"\u001b[0m20:50:11  Registered adapter: duckdb=1.9.2","logger":"airflow.task.hooks.airflow.providers.standard.hooks.subprocess.SubprocessHook","filename":"subprocess.py","lineno":106}
{"timestamp":"2026-03-16T20:50:11.970714Z","level":"info","event":"\u001b[0m20:50:11  Found 3 models, 6 data tests, 1 source, 426 macros","logger":"airflow.task.hooks.airflow.providers.standard.hooks.subprocess.SubprocessHook","filename":"subprocess.py","lineno":106}
{"timestamp":"2026-03-16T20:50:11.972841Z","level":"info","event":"\u001b[0m20:50:11","logger":"airflow.task.hooks.airflow.providers.standard.hooks.subprocess.SubprocessHook","filename":"subprocess.py","lineno":106}
{"timestamp":"2026-03-16T20:50:11.973284Z","level":"info","event":"\u001b[0m20:50:11  Concurrency: 1 threads (target='dev')","logger":"airflow.task.hooks.airflow.providers.standard.hooks.subprocess.SubprocessHook","filename":"subprocess.py","lineno":106}
{"timestamp":"2026-03-16T20:50:11.973721Z","level":"info","event":"\u001b[0m20:50:11","logger":"airflow.task.hooks.airflow.providers.standard.hooks.subprocess.SubprocessHook","filename":"subprocess.py","lineno":106}
{"timestamp":"2026-03-16T20:50:12.089205Z","level":"info","event":"\u001b[0m20:50:12  1 of 3 START sql view model main.stg_weather ................................... [RUN]","logger":"airflow.task.hooks.airflow.providers.standard.hooks.subprocess.SubprocessHook","filename":"subprocess.py","lineno":106}
{"timestamp":"2026-03-16T20:50:12.171063Z","level":"info","event":"\u001b[0m20:50:12  1 of 3 OK created sql view model main.stg_weather .............................. [\u001b[32mOK\u001b[0m in 0.08s]","logger":"airflow.task.hooks.airflow.providers.standard.hooks.subprocess.SubprocessHook","filename":"subprocess.py","lineno":106}
{"timestamp":"2026-03-16T20:50:12.173139Z","level":"info","event":"\u001b[0m20:50:12  2 of 3 START sql table model main.mart_weather_daily ........................... [RUN]","logger":"airflow.task.hooks.airflow.providers.standard.hooks.subprocess.SubprocessHook","filename":"subprocess.py","lineno":106}
{"timestamp":"2026-03-16T20:50:12.222744Z","level":"info","event":"\u001b[0m20:50:12  2 of 3 OK created sql table model main.mart_weather_daily ...................... [\u001b[32mOK\u001b[0m in 0.05s]","logger":"airflow.task.hooks.airflow.providers.standard.hooks.subprocess.SubprocessHook","filename":"subprocess.py","lineno":106}
{"timestamp":"2026-03-16T20:50:12.224341Z","level":"info","event":"\u001b[0m20:50:12  3 of 3 START sql table model main.weekly_summary ............................... [RUN]","logger":"airflow.task.hooks.airflow.providers.standard.hooks.subprocess.SubprocessHook","filename":"subprocess.py","lineno":106}
{"timestamp":"2026-03-16T20:50:12.256899Z","level":"info","event":"\u001b[0m20:50:12  3 of 3 OK created sql table model main.weekly_summary .......................... [\u001b[32mOK\u001b[0m in 0.03s]","logger":"airflow.task.hooks.airflow.providers.standard.hooks.subprocess.SubprocessHook","filename":"subprocess.py","lineno":106}
{"timestamp":"2026-03-16T20:50:12.263388Z","level":"info","event":"\u001b[0m20:50:12","logger":"airflow.task.hooks.airflow.providers.standard.hooks.subprocess.SubprocessHook","filename":"subprocess.py","lineno":106}
{"timestamp":"2026-03-16T20:50:12.263841Z","level":"info","event":"\u001b[0m20:50:12  Finished running 2 table models, 1 view model in 0 hours 0 minutes and 0.29 seconds (0.29s).","logger":"airflow.task.hooks.airflow.providers.standard.hooks.subprocess.SubprocessHook","filename":"subprocess.py","lineno":106}
{"timestamp":"2026-03-16T20:50:12.289909Z","level":"info","event":"\u001b[0m20:50:12","logger":"airflow.task.hooks.airflow.providers.standard.hooks.subprocess.SubprocessHook","filename":"subprocess.py","lineno":106}
{"timestamp":"2026-03-16T20:50:12.290371Z","level":"info","event":"\u001b[0m20:50:12  \u001b[32mCompleted successfully\u001b[0m","logger":"airflow.task.hooks.airflow.providers.standard.hooks.subprocess.SubprocessHook","filename":"subprocess.py","lineno":106}
{"timestamp":"2026-03-16T20:50:12.290806Z","level":"info","event":"\u001b[0m20:50:12","logger":"airflow.task.hooks.airflow.providers.standard.hooks.subprocess.SubprocessHook","filename":"subprocess.py","lineno":106}
{"timestamp":"2026-03-16T20:50:12.291267Z","level":"info","event":"\u001b[0m20:50:12  Done. PASS=3 WARN=0 ERROR=0 SKIP=0 TOTAL=3","logger":"airflow.task.hooks.airflow.providers.standard.hooks.subprocess.SubprocessHook","filename":"subprocess.py","lineno":106}
{"timestamp":"2026-03-16T20:50:12.863896Z","level":"info","event":"Command exited with return code 0","logger":"airflow.task.hooks.airflow.providers.standard.hooks.subprocess.SubprocessHook","filename":"subprocess.py","lineno":110}
{"timestamp":"2026-03-16T20:50:12.864701Z","level":"info","event":"Pushing xcom","ti":"RuntimeTaskInstance(id=UUID('019cf869-acb3-7af6-8ab5-d19433118fe2'), task_id='dbt_run_1', dag_id='weather_update_1', run_id='scheduled__2026-03-16T20:50:00+00:00', try_number=1, dag_version_id=UUID('019cf863-ad00-7a4c-ad45-23b53c7104c5'), map_index=-1, hostname='codespaces-d93758', context_carrier={}, task=<Task(BashOperator): dbt_run_1>, bundle_instance=LocalDagBundle(name=dags-folder), max_tries=2, start_date=datetime.datetime(2026, 3, 16, 20, 50, 9, 780472, tzinfo=datetime.timezone.utc), end_date=None, state=<TaskInstanceState.RUNNING: 'running'>, is_mapped=False, rendered_map_index=None)","logger":"task","filename":"task_runner.py","lineno":1360}
{"timestamp":"2026-03-16T20:50:12.889777Z","level":"info","event":"Task instance in success state","logger":"task.stdout"}
{"timestamp":"2026-03-16T20:50:12.889886Z","level":"info","event":" Previous state of the Task instance: TaskInstanceState.RUNNING","logger":"task.stdout"}
{"timestamp":"2026-03-16T20:50:12.890273Z","level":"info","event":"Task operator:<Task(BashOperator): dbt_run_1>","logger":"task.stdout"}
