{"timestamp":"2026-03-16T13:43:02.210228Z","level":"info","event":"DAG bundles loaded: dags-folder, example_dags","logger":"airflow.dag_processing.bundles.manager.DagBundlesManager","filename":"manager.py","lineno":179}
{"timestamp":"2026-03-16T13:43:02.210998Z","level":"info","event":"Filling up the DagBag from /workspaces/weather-pipeline/dags/weather_dag.py","logger":"airflow.models.dagbag.DagBag","filename":"dagbag.py","lineno":593}
{"timestamp":"2026-03-16T13:43:02.223412Z","level":"warning","event":"The `airflow.operators.bash.BashOperator` attribute is deprecated. Please use `'airflow.providers.standard.operators.bash.BashOperator'`.","category":"DeprecatedImportWarning","filename":"/workspaces/weather-pipeline/dags/weather_dag.py","lineno":2,"logger":"py.warnings"}
{"timestamp":"2026-03-16T13:43:02.223550Z","level":"warning","event":"The `airflow.operators.python.PythonOperator` attribute is deprecated. Please use `'airflow.providers.standard.operators.python.PythonOperator'`.","category":"DeprecatedImportWarning","filename":"/workspaces/weather-pipeline/dags/weather_dag.py","lineno":3,"logger":"py.warnings"}
{"timestamp":"2026-03-16T13:43:02.254586Z","level":"info","event":"Task instance is in running state","logger":"task.stdout"}
{"timestamp":"2026-03-16T13:43:02.254732Z","level":"info","event":" Previous state of the Task instance: TaskInstanceState.QUEUED","logger":"task.stdout"}
{"timestamp":"2026-03-16T13:43:02.255041Z","level":"info","event":"Current task name:dbt_run_1","logger":"task.stdout"}
{"timestamp":"2026-03-16T13:43:02.255131Z","level":"info","event":"Dag name:weather_update_1","logger":"task.stdout"}
{"timestamp":"2026-03-16T13:43:02.255643Z","level":"info","event":"Tmp dir root location: /tmp","logger":"airflow.task.hooks.airflow.providers.standard.hooks.subprocess.SubprocessHook","filename":"subprocess.py","lineno":78}
{"timestamp":"2026-03-16T13:43:02.256121Z","level":"info","event":"Running command: ['/usr/bin/bash', '-c', 'cd /workspaces/weather-pipeline/weather_dbt && dbt run']","logger":"airflow.task.hooks.airflow.providers.standard.hooks.subprocess.SubprocessHook","filename":"subprocess.py","lineno":88}
{"timestamp":"2026-03-16T13:43:02.264737Z","level":"info","event":"Output:","logger":"airflow.task.hooks.airflow.providers.standard.hooks.subprocess.SubprocessHook","filename":"subprocess.py","lineno":99}
{"timestamp":"2026-03-16T13:43:03.870044Z","level":"info","event":"\u001b[0m13:43:03  Running with dbt=1.9.3","logger":"airflow.task.hooks.airflow.providers.standard.hooks.subprocess.SubprocessHook","filename":"subprocess.py","lineno":106}
{"timestamp":"2026-03-16T13:43:04.113489Z","level":"info","event":"\u001b[0m13:43:04  Registered adapter: duckdb=1.9.2","logger":"airflow.task.hooks.airflow.providers.standard.hooks.subprocess.SubprocessHook","filename":"subprocess.py","lineno":106}
{"timestamp":"2026-03-16T13:43:04.494481Z","level":"info","event":"\u001b[0m13:43:04  Found 3 models, 6 data tests, 1 source, 426 macros","logger":"airflow.task.hooks.airflow.providers.standard.hooks.subprocess.SubprocessHook","filename":"subprocess.py","lineno":106}
{"timestamp":"2026-03-16T13:43:04.496727Z","level":"info","event":"\u001b[0m13:43:04","logger":"airflow.task.hooks.airflow.providers.standard.hooks.subprocess.SubprocessHook","filename":"subprocess.py","lineno":106}
{"timestamp":"2026-03-16T13:43:04.497233Z","level":"info","event":"\u001b[0m13:43:04  Concurrency: 1 threads (target='dev')","logger":"airflow.task.hooks.airflow.providers.standard.hooks.subprocess.SubprocessHook","filename":"subprocess.py","lineno":106}
{"timestamp":"2026-03-16T13:43:04.497749Z","level":"info","event":"\u001b[0m13:43:04","logger":"airflow.task.hooks.airflow.providers.standard.hooks.subprocess.SubprocessHook","filename":"subprocess.py","lineno":106}
{"timestamp":"2026-03-16T13:43:04.610726Z","level":"info","event":"\u001b[0m13:43:04  1 of 3 START sql view model main.stg_weather ................................... [RUN]","logger":"airflow.task.hooks.airflow.providers.standard.hooks.subprocess.SubprocessHook","filename":"subprocess.py","lineno":106}
{"timestamp":"2026-03-16T13:43:04.703104Z","level":"info","event":"\u001b[0m13:43:04  1 of 3 OK created sql view model main.stg_weather .............................. [\u001b[32mOK\u001b[0m in 0.09s]","logger":"airflow.task.hooks.airflow.providers.standard.hooks.subprocess.SubprocessHook","filename":"subprocess.py","lineno":106}
{"timestamp":"2026-03-16T13:43:04.705192Z","level":"info","event":"\u001b[0m13:43:04  2 of 3 START sql table model main.mart_weather_daily ........................... [RUN]","logger":"airflow.task.hooks.airflow.providers.standard.hooks.subprocess.SubprocessHook","filename":"subprocess.py","lineno":106}
{"timestamp":"2026-03-16T13:43:04.756314Z","level":"info","event":"\u001b[0m13:43:04  2 of 3 OK created sql table model main.mart_weather_daily ...................... [\u001b[32mOK\u001b[0m in 0.05s]","logger":"airflow.task.hooks.airflow.providers.standard.hooks.subprocess.SubprocessHook","filename":"subprocess.py","lineno":106}
{"timestamp":"2026-03-16T13:43:04.757995Z","level":"info","event":"\u001b[0m13:43:04  3 of 3 START sql table model main.weekly_summary ............................... [RUN]","logger":"airflow.task.hooks.airflow.providers.standard.hooks.subprocess.SubprocessHook","filename":"subprocess.py","lineno":106}
{"timestamp":"2026-03-16T13:43:04.791893Z","level":"info","event":"\u001b[0m13:43:04  3 of 3 OK created sql table model main.weekly_summary .......................... [\u001b[32mOK\u001b[0m in 0.03s]","logger":"airflow.task.hooks.airflow.providers.standard.hooks.subprocess.SubprocessHook","filename":"subprocess.py","lineno":106}
{"timestamp":"2026-03-16T13:43:04.798571Z","level":"info","event":"\u001b[0m13:43:04","logger":"airflow.task.hooks.airflow.providers.standard.hooks.subprocess.SubprocessHook","filename":"subprocess.py","lineno":106}
{"timestamp":"2026-03-16T13:43:04.799032Z","level":"info","event":"\u001b[0m13:43:04  Finished running 2 table models, 1 view model in 0 hours 0 minutes and 0.30 seconds (0.30s).","logger":"airflow.task.hooks.airflow.providers.standard.hooks.subprocess.SubprocessHook","filename":"subprocess.py","lineno":106}
{"timestamp":"2026-03-16T13:43:04.826337Z","level":"info","event":"\u001b[0m13:43:04","logger":"airflow.task.hooks.airflow.providers.standard.hooks.subprocess.SubprocessHook","filename":"subprocess.py","lineno":106}
{"timestamp":"2026-03-16T13:43:04.826899Z","level":"info","event":"\u001b[0m13:43:04  \u001b[32mCompleted successfully\u001b[0m","logger":"airflow.task.hooks.airflow.providers.standard.hooks.subprocess.SubprocessHook","filename":"subprocess.py","lineno":106}
{"timestamp":"2026-03-16T13:43:04.827393Z","level":"info","event":"\u001b[0m13:43:04","logger":"airflow.task.hooks.airflow.providers.standard.hooks.subprocess.SubprocessHook","filename":"subprocess.py","lineno":106}
{"timestamp":"2026-03-16T13:43:04.827952Z","level":"info","event":"\u001b[0m13:43:04  Done. PASS=3 WARN=0 ERROR=0 SKIP=0 TOTAL=3","logger":"airflow.task.hooks.airflow.providers.standard.hooks.subprocess.SubprocessHook","filename":"subprocess.py","lineno":106}
{"timestamp":"2026-03-16T13:43:05.425479Z","level":"info","event":"Command exited with return code 0","logger":"airflow.task.hooks.airflow.providers.standard.hooks.subprocess.SubprocessHook","filename":"subprocess.py","lineno":110}
{"timestamp":"2026-03-16T13:43:05.426233Z","level":"info","event":"Pushing xcom","ti":"RuntimeTaskInstance(id=UUID('019cf6e0-5b33-7d4c-91e5-8457ecd86929'), task_id='dbt_run_1', dag_id='weather_update_1', run_id='scheduled__2026-03-16T13:40:00+00:00', try_number=1, dag_version_id=UUID('019cf6b3-bf62-76f9-b7ce-f55095d9affb'), map_index=-1, hostname='codespaces-d93758', context_carrier={}, task=<Task(BashOperator): dbt_run_1>, bundle_instance=LocalDagBundle(name=dags-folder), max_tries=2, start_date=datetime.datetime(2026, 3, 16, 13, 43, 2, 183236, tzinfo=datetime.timezone.utc), end_date=None, state=<TaskInstanceState.RUNNING: 'running'>, is_mapped=False, rendered_map_index=None)","logger":"task","filename":"task_runner.py","lineno":1360}
{"timestamp":"2026-03-16T13:43:05.456636Z","level":"info","event":"Task instance in success state","logger":"task.stdout"}
{"timestamp":"2026-03-16T13:43:05.456757Z","level":"info","event":" Previous state of the Task instance: TaskInstanceState.RUNNING","logger":"task.stdout"}
{"timestamp":"2026-03-16T13:43:05.457128Z","level":"info","event":"Task operator:<Task(BashOperator): dbt_run_1>","logger":"task.stdout"}
