{"timestamp":"2026-03-16T21:47:02.727829Z","level":"info","event":"DAG bundles loaded: dags-folder, example_dags","logger":"airflow.dag_processing.bundles.manager.DagBundlesManager","filename":"manager.py","lineno":179}
{"timestamp":"2026-03-16T21:47:02.728539Z","level":"info","event":"Filling up the DagBag from /workspaces/weather-pipeline/dags/weather_dag.py","logger":"airflow.models.dagbag.DagBag","filename":"dagbag.py","lineno":593}
{"timestamp":"2026-03-16T21:47:02.738074Z","level":"warning","event":"The `airflow.operators.bash.BashOperator` attribute is deprecated. Please use `'airflow.providers.standard.operators.bash.BashOperator'`.","category":"DeprecatedImportWarning","filename":"/workspaces/weather-pipeline/dags/weather_dag.py","lineno":2,"logger":"py.warnings"}
{"timestamp":"2026-03-16T21:47:02.738176Z","level":"warning","event":"The `airflow.operators.python.PythonOperator` attribute is deprecated. Please use `'airflow.providers.standard.operators.python.PythonOperator'`.","category":"DeprecatedImportWarning","filename":"/workspaces/weather-pipeline/dags/weather_dag.py","lineno":3,"logger":"py.warnings"}
{"timestamp":"2026-03-16T21:47:02.755520Z","level":"info","event":"Task instance is in running state","logger":"task.stdout"}
{"timestamp":"2026-03-16T21:47:02.755617Z","level":"info","event":" Previous state of the Task instance: TaskInstanceState.QUEUED","logger":"task.stdout"}
{"timestamp":"2026-03-16T21:47:02.755751Z","level":"info","event":"Current task name:dbt_run_1","logger":"task.stdout"}
{"timestamp":"2026-03-16T21:47:02.755821Z","level":"info","event":"Dag name:weather_update_1","logger":"task.stdout"}
{"timestamp":"2026-03-16T21:47:02.756228Z","level":"info","event":"Tmp dir root location: /tmp","logger":"airflow.task.hooks.airflow.providers.standard.hooks.subprocess.SubprocessHook","filename":"subprocess.py","lineno":78}
{"timestamp":"2026-03-16T21:47:02.756584Z","level":"info","event":"Running command: ['/usr/bin/bash', '-c', 'cd /workspaces/weather-pipeline/weather_dbt && dbt run']","logger":"airflow.task.hooks.airflow.providers.standard.hooks.subprocess.SubprocessHook","filename":"subprocess.py","lineno":88}
{"timestamp":"2026-03-16T21:47:02.763213Z","level":"info","event":"Output:","logger":"airflow.task.hooks.airflow.providers.standard.hooks.subprocess.SubprocessHook","filename":"subprocess.py","lineno":99}
{"timestamp":"2026-03-16T21:47:04.202450Z","level":"info","event":"\u001b[0m21:47:04  Running with dbt=1.9.3","logger":"airflow.task.hooks.airflow.providers.standard.hooks.subprocess.SubprocessHook","filename":"subprocess.py","lineno":106}
{"timestamp":"2026-03-16T21:47:04.445549Z","level":"info","event":"\u001b[0m21:47:04  Registered adapter: duckdb=1.9.2","logger":"airflow.task.hooks.airflow.providers.standard.hooks.subprocess.SubprocessHook","filename":"subprocess.py","lineno":106}
{"timestamp":"2026-03-16T21:47:04.829181Z","level":"info","event":"\u001b[0m21:47:04  Found 3 models, 6 data tests, 1 source, 426 macros","logger":"airflow.task.hooks.airflow.providers.standard.hooks.subprocess.SubprocessHook","filename":"subprocess.py","lineno":106}
{"timestamp":"2026-03-16T21:47:04.831252Z","level":"info","event":"\u001b[0m21:47:04","logger":"airflow.task.hooks.airflow.providers.standard.hooks.subprocess.SubprocessHook","filename":"subprocess.py","lineno":106}
{"timestamp":"2026-03-16T21:47:04.831677Z","level":"info","event":"\u001b[0m21:47:04  Concurrency: 1 threads (target='dev')","logger":"airflow.task.hooks.airflow.providers.standard.hooks.subprocess.SubprocessHook","filename":"subprocess.py","lineno":106}
{"timestamp":"2026-03-16T21:47:04.832041Z","level":"info","event":"\u001b[0m21:47:04","logger":"airflow.task.hooks.airflow.providers.standard.hooks.subprocess.SubprocessHook","filename":"subprocess.py","lineno":106}
{"timestamp":"2026-03-16T21:47:04.940327Z","level":"info","event":"\u001b[0m21:47:04  1 of 3 START sql view model main.stg_weather ................................... [RUN]","logger":"airflow.task.hooks.airflow.providers.standard.hooks.subprocess.SubprocessHook","filename":"subprocess.py","lineno":106}
{"timestamp":"2026-03-16T21:47:05.015753Z","level":"info","event":"\u001b[0m21:47:05  1 of 3 OK created sql view model main.stg_weather .............................. [\u001b[32mOK\u001b[0m in 0.07s]","logger":"airflow.task.hooks.airflow.providers.standard.hooks.subprocess.SubprocessHook","filename":"subprocess.py","lineno":106}
{"timestamp":"2026-03-16T21:47:05.017746Z","level":"info","event":"\u001b[0m21:47:05  2 of 3 START sql table model main.mart_weather_daily ........................... [RUN]","logger":"airflow.task.hooks.airflow.providers.standard.hooks.subprocess.SubprocessHook","filename":"subprocess.py","lineno":106}
{"timestamp":"2026-03-16T21:47:05.067241Z","level":"info","event":"\u001b[0m21:47:05  2 of 3 OK created sql table model main.mart_weather_daily ...................... [\u001b[32mOK\u001b[0m in 0.05s]","logger":"airflow.task.hooks.airflow.providers.standard.hooks.subprocess.SubprocessHook","filename":"subprocess.py","lineno":106}
{"timestamp":"2026-03-16T21:47:05.068843Z","level":"info","event":"\u001b[0m21:47:05  3 of 3 START sql table model main.weekly_summary ............................... [RUN]","logger":"airflow.task.hooks.airflow.providers.standard.hooks.subprocess.SubprocessHook","filename":"subprocess.py","lineno":106}
{"timestamp":"2026-03-16T21:47:05.101932Z","level":"info","event":"\u001b[0m21:47:05  3 of 3 OK created sql table model main.weekly_summary .......................... [\u001b[32mOK\u001b[0m in 0.03s]","logger":"airflow.task.hooks.airflow.providers.standard.hooks.subprocess.SubprocessHook","filename":"subprocess.py","lineno":106}
{"timestamp":"2026-03-16T21:47:05.107989Z","level":"info","event":"\u001b[0m21:47:05","logger":"airflow.task.hooks.airflow.providers.standard.hooks.subprocess.SubprocessHook","filename":"subprocess.py","lineno":106}
{"timestamp":"2026-03-16T21:47:05.108433Z","level":"info","event":"\u001b[0m21:47:05  Finished running 2 table models, 1 view model in 0 hours 0 minutes and 0.28 seconds (0.28s).","logger":"airflow.task.hooks.airflow.providers.standard.hooks.subprocess.SubprocessHook","filename":"subprocess.py","lineno":106}
{"timestamp":"2026-03-16T21:47:05.132918Z","level":"info","event":"\u001b[0m21:47:05","logger":"airflow.task.hooks.airflow.providers.standard.hooks.subprocess.SubprocessHook","filename":"subprocess.py","lineno":106}
{"timestamp":"2026-03-16T21:47:05.133421Z","level":"info","event":"\u001b[0m21:47:05  \u001b[32mCompleted successfully\u001b[0m","logger":"airflow.task.hooks.airflow.providers.standard.hooks.subprocess.SubprocessHook","filename":"subprocess.py","lineno":106}
{"timestamp":"2026-03-16T21:47:05.133835Z","level":"info","event":"\u001b[0m21:47:05","logger":"airflow.task.hooks.airflow.providers.standard.hooks.subprocess.SubprocessHook","filename":"subprocess.py","lineno":106}
{"timestamp":"2026-03-16T21:47:05.134280Z","level":"info","event":"\u001b[0m21:47:05  Done. PASS=3 WARN=0 ERROR=0 SKIP=0 TOTAL=3","logger":"airflow.task.hooks.airflow.providers.standard.hooks.subprocess.SubprocessHook","filename":"subprocess.py","lineno":106}
{"timestamp":"2026-03-16T21:47:05.719546Z","level":"info","event":"Command exited with return code 0","logger":"airflow.task.hooks.airflow.providers.standard.hooks.subprocess.SubprocessHook","filename":"subprocess.py","lineno":110}
{"timestamp":"2026-03-16T21:47:05.720475Z","level":"info","event":"Pushing xcom","ti":"RuntimeTaskInstance(id=UUID('019cf89b-6284-7e2e-886a-30d464ba5fd5'), task_id='dbt_run_1', dag_id='weather_update_1', run_id='manual__2026-03-16T21:44:29+00:00', try_number=1, dag_version_id=UUID('019cf863-ad00-7a4c-ad45-23b53c7104c5'), map_index=-1, hostname='codespaces-d93758', context_carrier={}, task=<Task(BashOperator): dbt_run_1>, bundle_instance=LocalDagBundle(name=dags-folder), max_tries=2, start_date=datetime.datetime(2026, 3, 16, 21, 47, 2, 704737, tzinfo=datetime.timezone.utc), end_date=None, state=<TaskInstanceState.RUNNING: 'running'>, is_mapped=False, rendered_map_index=None)","logger":"task","filename":"task_runner.py","lineno":1360}
{"timestamp":"2026-03-16T21:47:05.744262Z","level":"info","event":"Task instance in success state","logger":"task.stdout"}
{"timestamp":"2026-03-16T21:47:05.744373Z","level":"info","event":" Previous state of the Task instance: TaskInstanceState.RUNNING","logger":"task.stdout"}
{"timestamp":"2026-03-16T21:47:05.744780Z","level":"info","event":"Task operator:<Task(BashOperator): dbt_run_1>","logger":"task.stdout"}
