{"timestamp":"2026-03-16T20:44:46.700694Z","level":"info","event":"DAG bundles loaded: dags-folder, example_dags","logger":"airflow.dag_processing.bundles.manager.DagBundlesManager","filename":"manager.py","lineno":179}
{"timestamp":"2026-03-16T20:44:46.702726Z","level":"info","event":"Filling up the DagBag from /workspaces/weather-pipeline/dags/weather_dag.py","logger":"airflow.models.dagbag.DagBag","filename":"dagbag.py","lineno":593}
{"timestamp":"2026-03-16T20:44:46.713933Z","level":"warning","event":"The `airflow.operators.bash.BashOperator` attribute is deprecated. Please use `'airflow.providers.standard.operators.bash.BashOperator'`.","category":"DeprecatedImportWarning","filename":"/workspaces/weather-pipeline/dags/weather_dag.py","lineno":2,"logger":"py.warnings"}
{"timestamp":"2026-03-16T20:44:46.714061Z","level":"warning","event":"The `airflow.operators.python.PythonOperator` attribute is deprecated. Please use `'airflow.providers.standard.operators.python.PythonOperator'`.","category":"DeprecatedImportWarning","filename":"/workspaces/weather-pipeline/dags/weather_dag.py","lineno":3,"logger":"py.warnings"}
{"timestamp":"2026-03-16T20:44:46.743798Z","level":"info","event":"Task instance is in running state","logger":"task.stdout"}
{"timestamp":"2026-03-16T20:44:46.743929Z","level":"info","event":" Previous state of the Task instance: TaskInstanceState.QUEUED","logger":"task.stdout"}
{"timestamp":"2026-03-16T20:44:46.744006Z","level":"info","event":"Current task name:fetch_1","logger":"task.stdout"}
{"timestamp":"2026-03-16T20:44:46.744077Z","level":"info","event":"Dag name:weather_update_1","logger":"task.stdout"}
{"timestamp":"2026-03-16T20:44:46.743656Z","level":"info","event":"Tmp dir root location: /tmp","logger":"airflow.task.hooks.airflow.providers.standard.hooks.subprocess.SubprocessHook","filename":"subprocess.py","lineno":78}
{"timestamp":"2026-03-16T20:44:46.744067Z","level":"info","event":"Running command: ['/usr/bin/bash', '-c', '/workspaces/weather-pipeline/.venv/bin/python /workspaces/weather-pipeline/scripts/fetch_weather.py']","logger":"airflow.task.hooks.airflow.providers.standard.hooks.subprocess.SubprocessHook","filename":"subprocess.py","lineno":88}
{"timestamp":"2026-03-16T20:44:46.759560Z","level":"info","event":"Output:","logger":"airflow.task.hooks.airflow.providers.standard.hooks.subprocess.SubprocessHook","filename":"subprocess.py","lineno":99}
{"timestamp":"2026-03-16T20:45:46.982183Z","level":"info","event":"Fetching weather data from Open-Meteo API...","logger":"airflow.task.hooks.airflow.providers.standard.hooks.subprocess.SubprocessHook","filename":"subprocess.py","lineno":106}
{"timestamp":"2026-03-16T20:45:46.982310Z","level":"info","event":"Traceback (most recent call last):","logger":"airflow.task.hooks.airflow.providers.standard.hooks.subprocess.SubprocessHook","filename":"subprocess.py","lineno":106}
{"timestamp":"2026-03-16T20:45:46.982403Z","level":"info","event":"  File \"/workspaces/weather-pipeline/.venv/lib/python3.11/site-packages/urllib3/connectionpool.py\", line 464, in _make_request","logger":"airflow.task.hooks.airflow.providers.standard.hooks.subprocess.SubprocessHook","filename":"subprocess.py","lineno":106}
{"timestamp":"2026-03-16T20:45:46.982451Z","level":"info","event":"    self._validate_conn(conn)","logger":"airflow.task.hooks.airflow.providers.standard.hooks.subprocess.SubprocessHook","filename":"subprocess.py","lineno":106}
{"timestamp":"2026-03-16T20:45:46.982485Z","level":"info","event":"  File \"/workspaces/weather-pipeline/.venv/lib/python3.11/site-packages/urllib3/connectionpool.py\", line 1093, in _validate_conn","logger":"airflow.task.hooks.airflow.providers.standard.hooks.subprocess.SubprocessHook","filename":"subprocess.py","lineno":106}
{"timestamp":"2026-03-16T20:45:46.982692Z","level":"info","event":"    conn.connect()","logger":"airflow.task.hooks.airflow.providers.standard.hooks.subprocess.SubprocessHook","filename":"subprocess.py","lineno":106}
{"timestamp":"2026-03-16T20:45:46.982746Z","level":"info","event":"  File \"/workspaces/weather-pipeline/.venv/lib/python3.11/site-packages/urllib3/connection.py\", line 790, in connect","logger":"airflow.task.hooks.airflow.providers.standard.hooks.subprocess.SubprocessHook","filename":"subprocess.py","lineno":106}
{"timestamp":"2026-03-16T20:45:46.982953Z","level":"info","event":"    sock_and_verified = _ssl_wrap_socket_and_match_hostname(","logger":"airflow.task.hooks.airflow.providers.standard.hooks.subprocess.SubprocessHook","filename":"subprocess.py","lineno":106}
{"timestamp":"2026-03-16T20:45:46.982997Z","level":"info","event":"                        ^^^^^^^^^^^^^^^^^^^^^^^^^^^^^^^^^^^^","logger":"airflow.task.hooks.airflow.providers.standard.hooks.subprocess.SubprocessHook","filename":"subprocess.py","lineno":106}
{"timestamp":"2026-03-16T20:45:46.983028Z","level":"info","event":"  File \"/workspaces/weather-pipeline/.venv/lib/python3.11/site-packages/urllib3/connection.py\", line 969, in _ssl_wrap_socket_and_match_hostname","logger":"airflow.task.hooks.airflow.providers.standard.hooks.subprocess.SubprocessHook","filename":"subprocess.py","lineno":106}
{"timestamp":"2026-03-16T20:45:46.983259Z","level":"info","event":"    ssl_sock = ssl_wrap_socket(","logger":"airflow.task.hooks.airflow.providers.standard.hooks.subprocess.SubprocessHook","filename":"subprocess.py","lineno":106}
{"timestamp":"2026-03-16T20:45:46.983299Z","level":"info","event":"               ^^^^^^^^^^^^^^^^","logger":"airflow.task.hooks.airflow.providers.standard.hooks.subprocess.SubprocessHook","filename":"subprocess.py","lineno":106}
{"timestamp":"2026-03-16T20:45:46.983375Z","level":"info","event":"  File \"/workspaces/weather-pipeline/.venv/lib/python3.11/site-packages/urllib3/util/ssl_.py\", line 480, in ssl_wrap_socket","logger":"airflow.task.hooks.airflow.providers.standard.hooks.subprocess.SubprocessHook","filename":"subprocess.py","lineno":106}
{"timestamp":"2026-03-16T20:45:46.983471Z","level":"info","event":"    ssl_sock = _ssl_wrap_socket_impl(sock, context, tls_in_tls, server_hostname)","logger":"airflow.task.hooks.airflow.providers.standard.hooks.subprocess.SubprocessHook","filename":"subprocess.py","lineno":106}
{"timestamp":"2026-03-16T20:45:46.983513Z","level":"info","event":"               ^^^^^^^^^^^^^^^^^^^^^^^^^^^^^^^^^^^^^^^^^^^^^^^^^^^^^^^^^^^^^^^^^","logger":"airflow.task.hooks.airflow.providers.standard.hooks.subprocess.SubprocessHook","filename":"subprocess.py","lineno":106}
{"timestamp":"2026-03-16T20:45:46.983561Z","level":"info","event":"  File \"/workspaces/weather-pipeline/.venv/lib/python3.11/site-packages/urllib3/util/ssl_.py\", line 524, in _ssl_wrap_socket_impl","logger":"airflow.task.hooks.airflow.providers.standard.hooks.subprocess.SubprocessHook","filename":"subprocess.py","lineno":106}
{"timestamp":"2026-03-16T20:45:46.983698Z","level":"info","event":"    return ssl_context.wrap_socket(sock, server_hostname=server_hostname)","logger":"airflow.task.hooks.airflow.providers.standard.hooks.subprocess.SubprocessHook","filename":"subprocess.py","lineno":106}
{"timestamp":"2026-03-16T20:45:46.983739Z","level":"info","event":"           ^^^^^^^^^^^^^^^^^^^^^^^^^^^^^^^^^^^^^^^^^^^^^^^^^^^^^^^^^^^^^^","logger":"airflow.task.hooks.airflow.providers.standard.hooks.subprocess.SubprocessHook","filename":"subprocess.py","lineno":106}
{"timestamp":"2026-03-16T20:45:46.983768Z","level":"info","event":"  File \"/usr/local/lib/python3.11/ssl.py\", line 517, in wrap_socket","logger":"airflow.task.hooks.airflow.providers.standard.hooks.subprocess.SubprocessHook","filename":"subprocess.py","lineno":106}
{"timestamp":"2026-03-16T20:45:46.983959Z","level":"info","event":"    return self.sslsocket_class._create(","logger":"airflow.task.hooks.airflow.providers.standard.hooks.subprocess.SubprocessHook","filename":"subprocess.py","lineno":106}
{"timestamp":"2026-03-16T20:45:46.983999Z","level":"info","event":"           ^^^^^^^^^^^^^^^^^^^^^^^^^^^^^","logger":"airflow.task.hooks.airflow.providers.standard.hooks.subprocess.SubprocessHook","filename":"subprocess.py","lineno":106}
{"timestamp":"2026-03-16T20:45:46.984032Z","level":"info","event":"  File \"/usr/local/lib/python3.11/ssl.py\", line 1104, in _create","logger":"airflow.task.hooks.airflow.providers.standard.hooks.subprocess.SubprocessHook","filename":"subprocess.py","lineno":106}
{"timestamp":"2026-03-16T20:45:46.984304Z","level":"info","event":"    self.do_handshake()","logger":"airflow.task.hooks.airflow.providers.standard.hooks.subprocess.SubprocessHook","filename":"subprocess.py","lineno":106}
{"timestamp":"2026-03-16T20:45:46.984341Z","level":"info","event":"  File \"/usr/local/lib/python3.11/ssl.py\", line 1382, in do_handshake","logger":"airflow.task.hooks.airflow.providers.standard.hooks.subprocess.SubprocessHook","filename":"subprocess.py","lineno":106}
{"timestamp":"2026-03-16T20:45:46.984702Z","level":"info","event":"    self._sslobj.do_handshake()","logger":"airflow.task.hooks.airflow.providers.standard.hooks.subprocess.SubprocessHook","filename":"subprocess.py","lineno":106}
{"timestamp":"2026-03-16T20:45:46.984748Z","level":"info","event":"TimeoutError: _ssl.c:999: The handshake operation timed out","logger":"airflow.task.hooks.airflow.providers.standard.hooks.subprocess.SubprocessHook","filename":"subprocess.py","lineno":106}
{"timestamp":"2026-03-16T20:45:46.984778Z","level":"info","event":"","logger":"airflow.task.hooks.airflow.providers.standard.hooks.subprocess.SubprocessHook","filename":"subprocess.py","lineno":106}
{"timestamp":"2026-03-16T20:45:46.984804Z","level":"info","event":"The above exception was the direct cause of the following exception:","logger":"airflow.task.hooks.airflow.providers.standard.hooks.subprocess.SubprocessHook","filename":"subprocess.py","lineno":106}
{"timestamp":"2026-03-16T20:45:46.984834Z","level":"info","event":"","logger":"airflow.task.hooks.airflow.providers.standard.hooks.subprocess.SubprocessHook","filename":"subprocess.py","lineno":106}
{"timestamp":"2026-03-16T20:45:46.984869Z","level":"info","event":"Traceback (most recent call last):","logger":"airflow.task.hooks.airflow.providers.standard.hooks.subprocess.SubprocessHook","filename":"subprocess.py","lineno":106}
{"timestamp":"2026-03-16T20:45:46.984906Z","level":"info","event":"  File \"/workspaces/weather-pipeline/.venv/lib/python3.11/site-packages/requests/adapters.py\", line 644, in send","logger":"airflow.task.hooks.airflow.providers.standard.hooks.subprocess.SubprocessHook","filename":"subprocess.py","lineno":106}
{"timestamp":"2026-03-16T20:45:46.984941Z","level":"info","event":"    resp = conn.urlopen(","logger":"airflow.task.hooks.airflow.providers.standard.hooks.subprocess.SubprocessHook","filename":"subprocess.py","lineno":106}
{"timestamp":"2026-03-16T20:45:46.984969Z","level":"info","event":"           ^^^^^^^^^^^^^","logger":"airflow.task.hooks.airflow.providers.standard.hooks.subprocess.SubprocessHook","filename":"subprocess.py","lineno":106}
{"timestamp":"2026-03-16T20:45:46.985015Z","level":"info","event":"  File \"/workspaces/weather-pipeline/.venv/lib/python3.11/site-packages/urllib3/connectionpool.py\", line 841, in urlopen","logger":"airflow.task.hooks.airflow.providers.standard.hooks.subprocess.SubprocessHook","filename":"subprocess.py","lineno":106}
{"timestamp":"2026-03-16T20:45:46.985182Z","level":"info","event":"    retries = retries.increment(","logger":"airflow.task.hooks.airflow.providers.standard.hooks.subprocess.SubprocessHook","filename":"subprocess.py","lineno":106}
{"timestamp":"2026-03-16T20:45:46.985230Z","level":"info","event":"              ^^^^^^^^^^^^^^^^^^","logger":"airflow.task.hooks.airflow.providers.standard.hooks.subprocess.SubprocessHook","filename":"subprocess.py","lineno":106}
{"timestamp":"2026-03-16T20:45:46.985260Z","level":"info","event":"  File \"/workspaces/weather-pipeline/.venv/lib/python3.11/site-packages/urllib3/util/retry.py\", line 474, in increment","logger":"airflow.task.hooks.airflow.providers.standard.hooks.subprocess.SubprocessHook","filename":"subprocess.py","lineno":106}
{"timestamp":"2026-03-16T20:45:46.985388Z","level":"info","event":"    raise reraise(type(error), error, _stacktrace)","logger":"airflow.task.hooks.airflow.providers.standard.hooks.subprocess.SubprocessHook","filename":"subprocess.py","lineno":106}
{"timestamp":"2026-03-16T20:45:46.985439Z","level":"info","event":"          ^^^^^^^^^^^^^^^^^^^^^^^^^^^^^^^^^^^^^^^^","logger":"airflow.task.hooks.airflow.providers.standard.hooks.subprocess.SubprocessHook","filename":"subprocess.py","lineno":106}
{"timestamp":"2026-03-16T20:45:46.985469Z","level":"info","event":"  File \"/workspaces/weather-pipeline/.venv/lib/python3.11/site-packages/urllib3/util/util.py\", line 39, in reraise","logger":"airflow.task.hooks.airflow.providers.standard.hooks.subprocess.SubprocessHook","filename":"subprocess.py","lineno":106}
{"timestamp":"2026-03-16T20:45:46.985512Z","level":"info","event":"    raise value","logger":"airflow.task.hooks.airflow.providers.standard.hooks.subprocess.SubprocessHook","filename":"subprocess.py","lineno":106}
{"timestamp":"2026-03-16T20:45:46.985545Z","level":"info","event":"  File \"/workspaces/weather-pipeline/.venv/lib/python3.11/site-packages/urllib3/connectionpool.py\", line 787, in urlopen","logger":"airflow.task.hooks.airflow.providers.standard.hooks.subprocess.SubprocessHook","filename":"subprocess.py","lineno":106}
{"timestamp":"2026-03-16T20:45:46.985748Z","level":"info","event":"    response = self._make_request(","logger":"airflow.task.hooks.airflow.providers.standard.hooks.subprocess.SubprocessHook","filename":"subprocess.py","lineno":106}
{"timestamp":"2026-03-16T20:45:46.985784Z","level":"info","event":"               ^^^^^^^^^^^^^^^^^^^","logger":"airflow.task.hooks.airflow.providers.standard.hooks.subprocess.SubprocessHook","filename":"subprocess.py","lineno":106}
{"timestamp":"2026-03-16T20:45:46.985817Z","level":"info","event":"  File \"/workspaces/weather-pipeline/.venv/lib/python3.11/site-packages/urllib3/connectionpool.py\", line 488, in _make_request","logger":"airflow.task.hooks.airflow.providers.standard.hooks.subprocess.SubprocessHook","filename":"subprocess.py","lineno":106}
{"timestamp":"2026-03-16T20:45:46.985934Z","level":"info","event":"    raise new_e","logger":"airflow.task.hooks.airflow.providers.standard.hooks.subprocess.SubprocessHook","filename":"subprocess.py","lineno":106}
{"timestamp":"2026-03-16T20:45:46.985981Z","level":"info","event":"  File \"/workspaces/weather-pipeline/.venv/lib/python3.11/site-packages/urllib3/connectionpool.py\", line 466, in _make_request","logger":"airflow.task.hooks.airflow.providers.standard.hooks.subprocess.SubprocessHook","filename":"subprocess.py","lineno":106}
{"timestamp":"2026-03-16T20:45:46.986119Z","level":"info","event":"    self._raise_timeout(err=e, url=url, timeout_value=conn.timeout)","logger":"airflow.task.hooks.airflow.providers.standard.hooks.subprocess.SubprocessHook","filename":"subprocess.py","lineno":106}
{"timestamp":"2026-03-16T20:45:46.986156Z","level":"info","event":"  File \"/workspaces/weather-pipeline/.venv/lib/python3.11/site-packages/urllib3/connectionpool.py\", line 367, in _raise_timeout","logger":"airflow.task.hooks.airflow.providers.standard.hooks.subprocess.SubprocessHook","filename":"subprocess.py","lineno":106}
{"timestamp":"2026-03-16T20:45:46.986289Z","level":"info","event":"    raise ReadTimeoutError(","logger":"airflow.task.hooks.airflow.providers.standard.hooks.subprocess.SubprocessHook","filename":"subprocess.py","lineno":106}
{"timestamp":"2026-03-16T20:45:46.986324Z","level":"info","event":"urllib3.exceptions.ReadTimeoutError: HTTPSConnectionPool(host='api.open-meteo.com', port=443): Read timed out. (read timeout=60)","logger":"airflow.task.hooks.airflow.providers.standard.hooks.subprocess.SubprocessHook","filename":"subprocess.py","lineno":106}
{"timestamp":"2026-03-16T20:45:46.986377Z","level":"info","event":"","logger":"airflow.task.hooks.airflow.providers.standard.hooks.subprocess.SubprocessHook","filename":"subprocess.py","lineno":106}
{"timestamp":"2026-03-16T20:45:46.986420Z","level":"info","event":"During handling of the above exception, another exception occurred:","logger":"airflow.task.hooks.airflow.providers.standard.hooks.subprocess.SubprocessHook","filename":"subprocess.py","lineno":106}
{"timestamp":"2026-03-16T20:45:46.986447Z","level":"info","event":"","logger":"airflow.task.hooks.airflow.providers.standard.hooks.subprocess.SubprocessHook","filename":"subprocess.py","lineno":106}
{"timestamp":"2026-03-16T20:45:46.986484Z","level":"info","event":"Traceback (most recent call last):","logger":"airflow.task.hooks.airflow.providers.standard.hooks.subprocess.SubprocessHook","filename":"subprocess.py","lineno":106}
{"timestamp":"2026-03-16T20:45:46.986513Z","level":"info","event":"  File \"/workspaces/weather-pipeline/scripts/fetch_weather.py\", line 92, in <module>","logger":"airflow.task.hooks.airflow.providers.standard.hooks.subprocess.SubprocessHook","filename":"subprocess.py","lineno":106}
{"timestamp":"2026-03-16T20:45:46.986548Z","level":"info","event":"    fetch_and_load()","logger":"airflow.task.hooks.airflow.providers.standard.hooks.subprocess.SubprocessHook","filename":"subprocess.py","lineno":106}
{"timestamp":"2026-03-16T20:45:46.986584Z","level":"info","event":"  File \"/workspaces/weather-pipeline/scripts/fetch_weather.py\", line 87, in fetch_and_load","logger":"airflow.task.hooks.airflow.providers.standard.hooks.subprocess.SubprocessHook","filename":"subprocess.py","lineno":106}
{"timestamp":"2026-03-16T20:45:46.986618Z","level":"info","event":"    raw_data = fetch_weather_data()","logger":"airflow.task.hooks.airflow.providers.standard.hooks.subprocess.SubprocessHook","filename":"subprocess.py","lineno":106}
{"timestamp":"2026-03-16T20:45:46.986657Z","level":"info","event":"               ^^^^^^^^^^^^^^^^^^^^","logger":"airflow.task.hooks.airflow.providers.standard.hooks.subprocess.SubprocessHook","filename":"subprocess.py","lineno":106}
{"timestamp":"2026-03-16T20:45:46.986683Z","level":"info","event":"  File \"/workspaces/weather-pipeline/scripts/fetch_weather.py\", line 22, in fetch_weather_data","logger":"airflow.task.hooks.airflow.providers.standard.hooks.subprocess.SubprocessHook","filename":"subprocess.py","lineno":106}
{"timestamp":"2026-03-16T20:45:46.986722Z","level":"info","event":"    response = requests.get(api_url, timeout=60)","logger":"airflow.task.hooks.airflow.providers.standard.hooks.subprocess.SubprocessHook","filename":"subprocess.py","lineno":106}
{"timestamp":"2026-03-16T20:45:46.986747Z","level":"info","event":"               ^^^^^^^^^^^^^^^^^^^^^^^^^^^^^^^^^","logger":"airflow.task.hooks.airflow.providers.standard.hooks.subprocess.SubprocessHook","filename":"subprocess.py","lineno":106}
{"timestamp":"2026-03-16T20:45:46.986780Z","level":"info","event":"  File \"/workspaces/weather-pipeline/.venv/lib/python3.11/site-packages/requests/api.py\", line 73, in get","logger":"airflow.task.hooks.airflow.providers.standard.hooks.subprocess.SubprocessHook","filename":"subprocess.py","lineno":106}
{"timestamp":"2026-03-16T20:45:46.986818Z","level":"info","event":"    return request(\"get\", url, params=params, **kwargs)","logger":"airflow.task.hooks.airflow.providers.standard.hooks.subprocess.SubprocessHook","filename":"subprocess.py","lineno":106}
{"timestamp":"2026-03-16T20:45:46.986852Z","level":"info","event":"           ^^^^^^^^^^^^^^^^^^^^^^^^^^^^^^^^^^^^^^^^^^^^","logger":"airflow.task.hooks.airflow.providers.standard.hooks.subprocess.SubprocessHook","filename":"subprocess.py","lineno":106}
{"timestamp":"2026-03-16T20:45:46.986887Z","level":"info","event":"  File \"/workspaces/weather-pipeline/.venv/lib/python3.11/site-packages/requests/api.py\", line 59, in request","logger":"airflow.task.hooks.airflow.providers.standard.hooks.subprocess.SubprocessHook","filename":"subprocess.py","lineno":106}
{"timestamp":"2026-03-16T20:45:46.986914Z","level":"info","event":"    return session.request(method=method, url=url, **kwargs)","logger":"airflow.task.hooks.airflow.providers.standard.hooks.subprocess.SubprocessHook","filename":"subprocess.py","lineno":106}
{"timestamp":"2026-03-16T20:45:46.986937Z","level":"info","event":"           ^^^^^^^^^^^^^^^^^^^^^^^^^^^^^^^^^^^^^^^^^^^^^^^^^","logger":"airflow.task.hooks.airflow.providers.standard.hooks.subprocess.SubprocessHook","filename":"subprocess.py","lineno":106}
{"timestamp":"2026-03-16T20:45:46.986962Z","level":"info","event":"  File \"/workspaces/weather-pipeline/.venv/lib/python3.11/site-packages/requests/sessions.py\", line 589, in request","logger":"airflow.task.hooks.airflow.providers.standard.hooks.subprocess.SubprocessHook","filename":"subprocess.py","lineno":106}
{"timestamp":"2026-03-16T20:45:46.987117Z","level":"info","event":"    resp = self.send(prep, **send_kwargs)","logger":"airflow.task.hooks.airflow.providers.standard.hooks.subprocess.SubprocessHook","filename":"subprocess.py","lineno":106}
{"timestamp":"2026-03-16T20:45:46.987172Z","level":"info","event":"           ^^^^^^^^^^^^^^^^^^^^^^^^^^^^^^","logger":"airflow.task.hooks.airflow.providers.standard.hooks.subprocess.SubprocessHook","filename":"subprocess.py","lineno":106}
{"timestamp":"2026-03-16T20:45:46.987221Z","level":"info","event":"  File \"/workspaces/weather-pipeline/.venv/lib/python3.11/site-packages/requests/sessions.py\", line 703, in send","logger":"airflow.task.hooks.airflow.providers.standard.hooks.subprocess.SubprocessHook","filename":"subprocess.py","lineno":106}
{"timestamp":"2026-03-16T20:45:46.987388Z","level":"info","event":"    r = adapter.send(request, **kwargs)","logger":"airflow.task.hooks.airflow.providers.standard.hooks.subprocess.SubprocessHook","filename":"subprocess.py","lineno":106}
{"timestamp":"2026-03-16T20:45:46.987432Z","level":"info","event":"        ^^^^^^^^^^^^^^^^^^^^^^^^^^^^^^^","logger":"airflow.task.hooks.airflow.providers.standard.hooks.subprocess.SubprocessHook","filename":"subprocess.py","lineno":106}
{"timestamp":"2026-03-16T20:45:46.987476Z","level":"info","event":"  File \"/workspaces/weather-pipeline/.venv/lib/python3.11/site-packages/requests/adapters.py\", line 690, in send","logger":"airflow.task.hooks.airflow.providers.standard.hooks.subprocess.SubprocessHook","filename":"subprocess.py","lineno":106}
{"timestamp":"2026-03-16T20:45:46.987637Z","level":"info","event":"    raise ReadTimeout(e, request=request)","logger":"airflow.task.hooks.airflow.providers.standard.hooks.subprocess.SubprocessHook","filename":"subprocess.py","lineno":106}
{"timestamp":"2026-03-16T20:45:46.987690Z","level":"info","event":"requests.exceptions.ReadTimeout: HTTPSConnectionPool(host='api.open-meteo.com', port=443): Read timed out. (read timeout=60)","logger":"airflow.task.hooks.airflow.providers.standard.hooks.subprocess.SubprocessHook","filename":"subprocess.py","lineno":106}
{"timestamp":"2026-03-16T20:45:47.008948Z","level":"info","event":"Command exited with return code 1","logger":"airflow.task.hooks.airflow.providers.standard.hooks.subprocess.SubprocessHook","filename":"subprocess.py","lineno":110}
{"timestamp":"2026-03-16T20:45:47.009550Z","level":"error","event":"Task failed with exception","logger":"task","filename":"task_runner.py","lineno":980,"error_detail":[{"exc_type":"AirflowException","exc_value":"Bash command failed. The command returned a non-zero exit code 1.","exc_notes":[],"syntax_error":null,"is_cause":false,"frames":[{"filename":"/workspaces/weather-pipeline/.venv/lib/python3.11/site-packages/airflow/sdk/execution_time/task_runner.py","lineno":928,"name":"run"},{"filename":"/workspaces/weather-pipeline/.venv/lib/python3.11/site-packages/airflow/sdk/execution_time/task_runner.py","lineno":1315,"name":"_execute_task"},{"filename":"/workspaces/weather-pipeline/.venv/lib/python3.11/site-packages/airflow/sdk/bases/operator.py","lineno":416,"name":"wrapper"},{"filename":"/workspaces/weather-pipeline/.venv/lib/python3.11/site-packages/airflow/providers/standard/operators/bash.py","lineno":223,"name":"execute"}],"is_group":false,"exceptions":[]}]}
{"timestamp":"2026-03-16T20:45:47.028099Z","level":"info","event":"Task instance in failure state","logger":"task.stdout"}
{"timestamp":"2026-03-16T20:45:47.028479Z","level":"info","event":"Task start","logger":"task.stdout"}
{"timestamp":"2026-03-16T20:45:47.028555Z","level":"info","event":"Task:<Task(BashOperator): fetch_1>","logger":"task.stdout"}
{"timestamp":"2026-03-16T20:45:47.028655Z","level":"info","event":"Failure caused by Bash command failed. The command returned a non-zero exit code 1.","logger":"task.stdout"}
