[0m20:47:57.092887 [debug] [MainThread]: Sending event: {'category': 'dbt', 'action': 'invocation', 'label': 'start', 'context': [<snowplow_tracker.self_describing_json.SelfDescribingJson object at 0x72fe59859990>, <snowplow_tracker.self_describing_json.SelfDescribingJson object at 0x72fe59a33a10>, <snowplow_tracker.self_describing_json.SelfDescribingJson object at 0x72fe59804350>]}


============================== 20:47:57.100876 | 10d7ae1b-518b-4e52-9c8d-721165b40219 ==============================
[0m20:47:57.100876 [info ] [MainThread]: Running with dbt=1.9.3
[0m20:47:57.101721 [debug] [MainThread]: running dbt with arguments {'printer_width': '80', 'indirect_selection': 'eager', 'log_cache_events': 'False', 'write_json': 'True', 'partial_parse': 'True', 'cache_selected_only': 'False', 'warn_error': 'None', 'debug': 'False', 'version_check': 'True', 'log_path': 'logs', 'fail_fast': 'False', 'profiles_dir': '/home/vscode/.dbt', 'use_colors': 'True', 'use_experimental_parser': 'False', 'empty': 'False', 'quiet': 'False', 'no_print': 'None', 'warn_error_options': 'WarnErrorOptions(include=[], exclude=[])', 'introspect': 'True', 'invocation_command': 'dbt run', 'log_format': 'default', 'target_path': 'None', 'static_parser': 'True', 'send_anonymous_usage_stats': 'True'}
[0m20:47:57.102504 [error] [MainThread]: Encountered an error:
Runtime Error
  No dbt_project.yml found at expected path /workspaces/weather-pipeline/dbt_project.yml
  Verify that each entry within packages.yml (and their transitive dependencies) contains a file named dbt_project.yml
  
[0m20:47:57.103795 [debug] [MainThread]: Resource report: {"command_name": "run", "command_success": false, "command_wall_clock_time": 0.065077126, "process_in_blocks": "0", "process_kernel_time": 0.234562, "process_mem_max_rss": "94660", "process_out_blocks": "8", "process_user_time": 1.288105}
[0m20:47:57.104456 [debug] [MainThread]: Command `dbt run` failed at 20:47:57.104291 after 0.07 seconds
[0m20:47:57.105039 [debug] [MainThread]: Sending event: {'category': 'dbt', 'action': 'invocation', 'label': 'end', 'context': [<snowplow_tracker.self_describing_json.SelfDescribingJson object at 0x72fe5983ccd0>, <snowplow_tracker.self_describing_json.SelfDescribingJson object at 0x72fe59806010>, <snowplow_tracker.self_describing_json.SelfDescribingJson object at 0x72fe5d7edd50>]}
[0m20:47:57.105656 [debug] [MainThread]: Flushing usage events
[0m20:47:57.460931 [debug] [MainThread]: An error was encountered while trying to flush usage events
[0m20:48:18.978425 [debug] [MainThread]: Sending event: {'category': 'dbt', 'action': 'invocation', 'label': 'start', 'context': [<snowplow_tracker.self_describing_json.SelfDescribingJson object at 0x7c36932d4b10>, <snowplow_tracker.self_describing_json.SelfDescribingJson object at 0x7c369332b010>, <snowplow_tracker.self_describing_json.SelfDescribingJson object at 0x7c3693133150>]}


============================== 20:48:18.984280 | 96ae0092-778a-4f1f-b23b-3f2c147e2200 ==============================
[0m20:48:18.984280 [info ] [MainThread]: Running with dbt=1.9.3
[0m20:48:18.985011 [debug] [MainThread]: running dbt with arguments {'printer_width': '80', 'indirect_selection': 'eager', 'log_cache_events': 'False', 'write_json': 'True', 'partial_parse': 'True', 'cache_selected_only': 'False', 'warn_error': 'None', 'fail_fast': 'False', 'profiles_dir': '/home/vscode/.dbt', 'log_path': 'logs', 'version_check': 'True', 'debug': 'False', 'use_colors': 'True', 'use_experimental_parser': 'False', 'empty': 'None', 'quiet': 'False', 'no_print': 'None', 'warn_error_options': 'WarnErrorOptions(include=[], exclude=[])', 'static_parser': 'True', 'invocation_command': 'dbt debug', 'introspect': 'True', 'target_path': 'None', 'log_format': 'default', 'send_anonymous_usage_stats': 'True'}
[0m20:48:18.996842 [info ] [MainThread]: dbt version: 1.9.3
[0m20:48:18.997371 [info ] [MainThread]: python version: 3.11.15
[0m20:48:18.997907 [info ] [MainThread]: python path: /usr/local/bin/python3.11
[0m20:48:18.998450 [info ] [MainThread]: os info: Linux-6.8.0-1044-azure-x86_64-with-glibc2.41
[0m20:48:19.086389 [info ] [MainThread]: Using profiles dir at /home/vscode/.dbt
[0m20:48:19.086897 [info ] [MainThread]: Using profiles.yml file at /home/vscode/.dbt/profiles.yml
[0m20:48:19.087239 [info ] [MainThread]: Using dbt_project.yml file at /workspaces/weather-pipeline/dbt_project.yml
[0m20:48:19.089663 [info ] [MainThread]: adapter type: duckdb
[0m20:48:19.090033 [info ] [MainThread]: adapter version: 1.9.2
[0m20:48:19.090424 [info ] [MainThread]: Configuration:
[0m20:48:19.090761 [info ] [MainThread]:   profiles.yml file [[32mOK found and valid[0m]
[0m20:48:19.091092 [info ] [MainThread]:   dbt_project.yml file [[31mERROR not found[0m]
[0m20:48:19.091437 [info ] [MainThread]: Required dependencies:
[0m20:48:19.091802 [debug] [MainThread]: Executing "git --help"
[0m20:48:19.094513 [debug] [MainThread]: STDOUT: "b"usage: git [-v | --version] [-h | --help] [-C <path>] [-c <name>=<value>]\n           [--exec-path[=<path>]] [--html-path] [--man-path] [--info-path]\n           [-p | --paginate | -P | --no-pager] [--no-replace-objects] [--no-lazy-fetch]\n           [--no-optional-locks] [--no-advice] [--bare] [--git-dir=<path>]\n           [--work-tree=<path>] [--namespace=<name>] [--config-env=<name>=<envvar>]\n           <command> [<args>]\n\nThese are common Git commands used in various situations:\n\nstart a working area (see also: git help tutorial)\n   clone      Clone a repository into a new directory\n   init       Create an empty Git repository or reinitialize an existing one\n\nwork on the current change (see also: git help everyday)\n   add        Add file contents to the index\n   mv         Move or rename a file, a directory, or a symlink\n   restore    Restore working tree files\n   rm         Remove files from the working tree and from the index\n\nexamine the history and state (see also: git help revisions)\n   bisect     Use binary search to find the commit that introduced a bug\n   diff       Show changes between commits, commit and working tree, etc\n   grep       Print lines matching a pattern\n   log        Show commit logs\n   show       Show various types of objects\n   status     Show the working tree status\n\ngrow, mark and tweak your common history\n   backfill   Download missing objects in a partial clone\n   branch     List, create, or delete branches\n   commit     Record changes to the repository\n   merge      Join two or more development histories together\n   rebase     Reapply commits on top of another base tip\n   reset      Set `HEAD` or the index to a known state\n   switch     Switch branches\n   tag        Create, list, delete or verify tags\n\ncollaborate (see also: git help workflows)\n   fetch      Download objects and refs from another repository\n   pull       Fetch from and integrate with another repository or a local branch\n   push       Update remote refs along with associated objects\n\n'git help -a' and 'git help -g' list available subcommands and some\nconcept guides. See 'git help <command>' or 'git help <concept>'\nto read about a specific subcommand or concept.\nSee 'git help git' for an overview of the system.\n""
[0m20:48:19.095109 [debug] [MainThread]: STDERR: "b''"
[0m20:48:19.095484 [info ] [MainThread]:  - git [[32mOK found[0m]

[0m20:48:19.095872 [info ] [MainThread]: Connection:
[0m20:48:19.096286 [info ] [MainThread]:   database: weather
[0m20:48:19.096672 [info ] [MainThread]:   schema: main
[0m20:48:19.097030 [info ] [MainThread]:   path: /workspaces/weather-pipeline/weather_dbt/weather.duckdb
[0m20:48:19.097390 [info ] [MainThread]:   config_options: None
[0m20:48:19.097713 [info ] [MainThread]:   extensions: None
[0m20:48:19.098029 [info ] [MainThread]:   settings: {}
[0m20:48:19.098341 [info ] [MainThread]:   external_root: .
[0m20:48:19.098729 [info ] [MainThread]:   use_credential_provider: None
[0m20:48:19.099047 [info ] [MainThread]:   attach: None
[0m20:48:19.099386 [info ] [MainThread]:   filesystems: None
[0m20:48:19.099727 [info ] [MainThread]:   remote: None
[0m20:48:19.100059 [info ] [MainThread]:   plugins: None
[0m20:48:19.100440 [info ] [MainThread]:   disable_transactions: False
[0m20:48:19.100950 [info ] [MainThread]: Registered adapter: duckdb=1.9.2
[0m20:48:19.227211 [debug] [MainThread]: Acquiring new duckdb connection 'debug'
[0m20:48:19.259463 [debug] [MainThread]: Using duckdb connection "debug"
[0m20:48:19.259886 [debug] [MainThread]: On debug: select 1 as id
[0m20:48:19.260230 [debug] [MainThread]: Opening a new connection, currently in state init
[0m20:48:19.270674 [debug] [MainThread]: SQL status: OK in 0.010 seconds
[0m20:48:19.271662 [debug] [MainThread]: On debug: Close
[0m20:48:19.272084 [info ] [MainThread]:   Connection test: [[32mOK connection ok[0m]

[0m20:48:19.272533 [info ] [MainThread]: [31m1 check failed:[0m
[0m20:48:19.272883 [info ] [MainThread]: Project loading failed for the following reason:
 project path </workspaces/weather-pipeline/dbt_project.yml> not found

[0m20:48:19.273814 [debug] [MainThread]: Resource report: {"command_name": "debug", "command_success": false, "command_wall_clock_time": 0.3451439, "process_in_blocks": "104", "process_kernel_time": 0.352977, "process_mem_max_rss": "136348", "process_out_blocks": "24", "process_user_time": 1.43983}
[0m20:48:19.274265 [debug] [MainThread]: Command `dbt debug` failed at 20:48:19.274171 after 0.35 seconds
[0m20:48:19.274665 [debug] [MainThread]: Connection 'debug' was properly closed.
[0m20:48:19.275046 [debug] [MainThread]: Sending event: {'category': 'dbt', 'action': 'invocation', 'label': 'end', 'context': [<snowplow_tracker.self_describing_json.SelfDescribingJson object at 0x7c36932d6210>, <snowplow_tracker.self_describing_json.SelfDescribingJson object at 0x7c369376d9d0>, <snowplow_tracker.self_describing_json.SelfDescribingJson object at 0x7c3693329290>]}
[0m20:48:19.275492 [debug] [MainThread]: Flushing usage events
[0m20:48:19.621053 [debug] [MainThread]: An error was encountered while trying to flush usage events
[0m21:28:47.579981 [debug] [MainThread]: Sending event: {'category': 'dbt', 'action': 'invocation', 'label': 'start', 'context': [<snowplow_tracker.self_describing_json.SelfDescribingJson object at 0x787001482290>, <snowplow_tracker.self_describing_json.SelfDescribingJson object at 0x7870016ab7d0>, <snowplow_tracker.self_describing_json.SelfDescribingJson object at 0x787001481f10>]}


============================== 21:28:47.587774 | c03f1b07-611a-40c5-9726-cc751000cd2f ==============================
[0m21:28:47.587774 [info ] [MainThread]: Running with dbt=1.9.3
[0m21:28:47.588615 [debug] [MainThread]: running dbt with arguments {'printer_width': '80', 'indirect_selection': 'eager', 'log_cache_events': 'False', 'write_json': 'True', 'partial_parse': 'True', 'cache_selected_only': 'False', 'warn_error': 'None', 'version_check': 'True', 'debug': 'False', 'log_path': 'logs', 'fail_fast': 'False', 'profiles_dir': '/home/vscode/.dbt', 'use_colors': 'True', 'use_experimental_parser': 'False', 'empty': 'None', 'quiet': 'False', 'no_print': 'None', 'log_format': 'default', 'static_parser': 'True', 'invocation_command': 'dbt docs generate', 'warn_error_options': 'WarnErrorOptions(include=[], exclude=[])', 'target_path': 'None', 'introspect': 'True', 'send_anonymous_usage_stats': 'True'}
[0m21:28:47.589379 [error] [MainThread]: Encountered an error:
Runtime Error
  No dbt_project.yml found at expected path /workspaces/weather-pipeline/dbt_project.yml
  Verify that each entry within packages.yml (and their transitive dependencies) contains a file named dbt_project.yml
  
[0m21:28:47.590639 [debug] [MainThread]: Resource report: {"command_name": "generate", "command_success": false, "command_wall_clock_time": 0.06125973, "process_in_blocks": "0", "process_kernel_time": 0.287094, "process_mem_max_rss": "94480", "process_out_blocks": "8", "process_user_time": 1.197223}
[0m21:28:47.591316 [debug] [MainThread]: Command `dbt docs generate` failed at 21:28:47.591169 after 0.06 seconds
[0m21:28:47.591910 [debug] [MainThread]: Sending event: {'category': 'dbt', 'action': 'invocation', 'label': 'end', 'context': [<snowplow_tracker.self_describing_json.SelfDescribingJson object at 0x78700147ded0>, <snowplow_tracker.self_describing_json.SelfDescribingJson object at 0x78700147e010>, <snowplow_tracker.self_describing_json.SelfDescribingJson object at 0x78700147fb10>]}
[0m21:28:47.592501 [debug] [MainThread]: Flushing usage events
[0m21:28:47.971518 [debug] [MainThread]: An error was encountered while trying to flush usage events
[0m21:38:34.899400 [debug] [MainThread]: Sending event: {'category': 'dbt', 'action': 'invocation', 'label': 'start', 'context': [<snowplow_tracker.self_describing_json.SelfDescribingJson object at 0x7b4cbc617a50>, <snowplow_tracker.self_describing_json.SelfDescribingJson object at 0x7b4cbc8e9e90>, <snowplow_tracker.self_describing_json.SelfDescribingJson object at 0x7b4cbc246450>]}


============================== 21:38:34.905411 | 088eeacb-8622-44e9-95c2-4545b63ede0f ==============================
[0m21:38:34.905411 [info ] [MainThread]: Running with dbt=1.9.3
[0m21:38:34.906238 [debug] [MainThread]: running dbt with arguments {'printer_width': '80', 'indirect_selection': 'eager', 'log_cache_events': 'False', 'write_json': 'True', 'partial_parse': 'True', 'cache_selected_only': 'False', 'warn_error': 'None', 'debug': 'False', 'profiles_dir': '/home/vscode/.dbt', 'log_path': 'logs', 'fail_fast': 'False', 'version_check': 'True', 'use_colors': 'True', 'use_experimental_parser': 'False', 'empty': 'False', 'quiet': 'False', 'no_print': 'None', 'log_format': 'default', 'invocation_command': 'dbt run', 'introspect': 'True', 'warn_error_options': 'WarnErrorOptions(include=[], exclude=[])', 'target_path': 'None', 'static_parser': 'True', 'send_anonymous_usage_stats': 'True'}
[0m21:38:34.907020 [error] [MainThread]: Encountered an error:
Runtime Error
  No dbt_project.yml found at expected path /workspaces/weather-pipeline/dbt_project.yml
  Verify that each entry within packages.yml (and their transitive dependencies) contains a file named dbt_project.yml
  
[0m21:38:34.908305 [debug] [MainThread]: Resource report: {"command_name": "run", "command_success": false, "command_wall_clock_time": 0.057870995, "process_in_blocks": "0", "process_kernel_time": 0.250373, "process_mem_max_rss": "94608", "process_out_blocks": "8", "process_user_time": 1.178049}
[0m21:38:34.909000 [debug] [MainThread]: Command `dbt run` failed at 21:38:34.908846 after 0.06 seconds
[0m21:38:34.909505 [debug] [MainThread]: Sending event: {'category': 'dbt', 'action': 'invocation', 'label': 'end', 'context': [<snowplow_tracker.self_describing_json.SelfDescribingJson object at 0x7b4cbc3f3050>, <snowplow_tracker.self_describing_json.SelfDescribingJson object at 0x7b4cbc3f2290>, <snowplow_tracker.self_describing_json.SelfDescribingJson object at 0x7b4cbc24d250>]}
[0m21:38:34.909924 [debug] [MainThread]: Flushing usage events
[0m21:38:35.292268 [debug] [MainThread]: An error was encountered while trying to flush usage events
