{"timestamp":"2026-03-16T14:02:32.918012Z","level":"info","event":"DAG bundles loaded: dags-folder, example_dags","logger":"airflow.dag_processing.bundles.manager.DagBundlesManager","filename":"manager.py","lineno":179}
{"timestamp":"2026-03-16T14:02:32.918758Z","level":"info","event":"Filling up the DagBag from /workspaces/weather-pipeline/dags/weather_dag.py","logger":"airflow.models.dagbag.DagBag","filename":"dagbag.py","lineno":593}
{"timestamp":"2026-03-16T14:02:32.927190Z","level":"warning","event":"The `airflow.operators.bash.BashOperator` attribute is deprecated. Please use `'airflow.providers.standard.operators.bash.BashOperator'`.","category":"DeprecatedImportWarning","filename":"/workspaces/weather-pipeline/dags/weather_dag.py","lineno":2,"logger":"py.warnings"}
{"timestamp":"2026-03-16T14:02:32.927279Z","level":"warning","event":"The `airflow.operators.python.PythonOperator` attribute is deprecated. Please use `'airflow.providers.standard.operators.python.PythonOperator'`.","category":"DeprecatedImportWarning","filename":"/workspaces/weather-pipeline/dags/weather_dag.py","lineno":3,"logger":"py.warnings"}
{"timestamp":"2026-03-16T14:02:32.945546Z","level":"info","event":"Task instance is in running state","logger":"task.stdout"}
{"timestamp":"2026-03-16T14:02:32.945654Z","level":"info","event":" Previous state of the Task instance: TaskInstanceState.QUEUED","logger":"task.stdout"}
{"timestamp":"2026-03-16T14:02:32.945806Z","level":"info","event":"Current task name:dbt_run_1","logger":"task.stdout"}
{"timestamp":"2026-03-16T14:02:32.945888Z","level":"info","event":"Dag name:weather_update_1","logger":"task.stdout"}
{"timestamp":"2026-03-16T14:02:32.946295Z","level":"info","event":"Tmp dir root location: /tmp","logger":"airflow.task.hooks.airflow.providers.standard.hooks.subprocess.SubprocessHook","filename":"subprocess.py","lineno":78}
{"timestamp":"2026-03-16T14:02:32.946670Z","level":"info","event":"Running command: ['/usr/bin/bash', '-c', 'cd /workspaces/weather-pipeline/weather_dbt && dbt run']","logger":"airflow.task.hooks.airflow.providers.standard.hooks.subprocess.SubprocessHook","filename":"subprocess.py","lineno":88}
{"timestamp":"2026-03-16T14:02:32.953138Z","level":"info","event":"Output:","logger":"airflow.task.hooks.airflow.providers.standard.hooks.subprocess.SubprocessHook","filename":"subprocess.py","lineno":99}
{"timestamp":"2026-03-16T14:02:34.452385Z","level":"info","event":"\u001b[0m14:02:34  Running with dbt=1.9.3","logger":"airflow.task.hooks.airflow.providers.standard.hooks.subprocess.SubprocessHook","filename":"subprocess.py","lineno":106}
{"timestamp":"2026-03-16T14:02:34.710385Z","level":"info","event":"\u001b[0m14:02:34  Registered adapter: duckdb=1.9.2","logger":"airflow.task.hooks.airflow.providers.standard.hooks.subprocess.SubprocessHook","filename":"subprocess.py","lineno":106}
{"timestamp":"2026-03-16T14:02:35.085878Z","level":"info","event":"\u001b[0m14:02:35  Found 3 models, 6 data tests, 1 source, 426 macros","logger":"airflow.task.hooks.airflow.providers.standard.hooks.subprocess.SubprocessHook","filename":"subprocess.py","lineno":106}
{"timestamp":"2026-03-16T14:02:35.088022Z","level":"info","event":"\u001b[0m14:02:35","logger":"airflow.task.hooks.airflow.providers.standard.hooks.subprocess.SubprocessHook","filename":"subprocess.py","lineno":106}
{"timestamp":"2026-03-16T14:02:35.088499Z","level":"info","event":"\u001b[0m14:02:35  Concurrency: 1 threads (target='dev')","logger":"airflow.task.hooks.airflow.providers.standard.hooks.subprocess.SubprocessHook","filename":"subprocess.py","lineno":106}
{"timestamp":"2026-03-16T14:02:35.088916Z","level":"info","event":"\u001b[0m14:02:35","logger":"airflow.task.hooks.airflow.providers.standard.hooks.subprocess.SubprocessHook","filename":"subprocess.py","lineno":106}
{"timestamp":"2026-03-16T14:02:35.203120Z","level":"info","event":"\u001b[0m14:02:35  1 of 3 START sql view model main.stg_weather ................................... [RUN]","logger":"airflow.task.hooks.airflow.providers.standard.hooks.subprocess.SubprocessHook","filename":"subprocess.py","lineno":106}
{"timestamp":"2026-03-16T14:02:35.285157Z","level":"info","event":"\u001b[0m14:02:35  1 of 3 OK created sql view model main.stg_weather .............................. [\u001b[32mOK\u001b[0m in 0.08s]","logger":"airflow.task.hooks.airflow.providers.standard.hooks.subprocess.SubprocessHook","filename":"subprocess.py","lineno":106}
{"timestamp":"2026-03-16T14:02:35.287268Z","level":"info","event":"\u001b[0m14:02:35  2 of 3 START sql table model main.mart_weather_daily ........................... [RUN]","logger":"airflow.task.hooks.airflow.providers.standard.hooks.subprocess.SubprocessHook","filename":"subprocess.py","lineno":106}
{"timestamp":"2026-03-16T14:02:35.338898Z","level":"info","event":"\u001b[0m14:02:35  2 of 3 OK created sql table model main.mart_weather_daily ...................... [\u001b[32mOK\u001b[0m in 0.05s]","logger":"airflow.task.hooks.airflow.providers.standard.hooks.subprocess.SubprocessHook","filename":"subprocess.py","lineno":106}
{"timestamp":"2026-03-16T14:02:35.340613Z","level":"info","event":"\u001b[0m14:02:35  3 of 3 START sql table model main.weekly_summary ............................... [RUN]","logger":"airflow.task.hooks.airflow.providers.standard.hooks.subprocess.SubprocessHook","filename":"subprocess.py","lineno":106}
{"timestamp":"2026-03-16T14:02:35.374343Z","level":"info","event":"\u001b[0m14:02:35  3 of 3 OK created sql table model main.weekly_summary .......................... [\u001b[32mOK\u001b[0m in 0.03s]","logger":"airflow.task.hooks.airflow.providers.standard.hooks.subprocess.SubprocessHook","filename":"subprocess.py","lineno":106}
{"timestamp":"2026-03-16T14:02:35.380856Z","level":"info","event":"\u001b[0m14:02:35","logger":"airflow.task.hooks.airflow.providers.standard.hooks.subprocess.SubprocessHook","filename":"subprocess.py","lineno":106}
{"timestamp":"2026-03-16T14:02:35.381296Z","level":"info","event":"\u001b[0m14:02:35  Finished running 2 table models, 1 view model in 0 hours 0 minutes and 0.29 seconds (0.29s).","logger":"airflow.task.hooks.airflow.providers.standard.hooks.subprocess.SubprocessHook","filename":"subprocess.py","lineno":106}
{"timestamp":"2026-03-16T14:02:35.406516Z","level":"info","event":"\u001b[0m14:02:35","logger":"airflow.task.hooks.airflow.providers.standard.hooks.subprocess.SubprocessHook","filename":"subprocess.py","lineno":106}
{"timestamp":"2026-03-16T14:02:35.407037Z","level":"info","event":"\u001b[0m14:02:35  \u001b[32mCompleted successfully\u001b[0m","logger":"airflow.task.hooks.airflow.providers.standard.hooks.subprocess.SubprocessHook","filename":"subprocess.py","lineno":106}
{"timestamp":"2026-03-16T14:02:35.407550Z","level":"info","event":"\u001b[0m14:02:35","logger":"airflow.task.hooks.airflow.providers.standard.hooks.subprocess.SubprocessHook","filename":"subprocess.py","lineno":106}
{"timestamp":"2026-03-16T14:02:35.408054Z","level":"info","event":"\u001b[0m14:02:35  Done. PASS=3 WARN=0 ERROR=0 SKIP=0 TOTAL=3","logger":"airflow.task.hooks.airflow.providers.standard.hooks.subprocess.SubprocessHook","filename":"subprocess.py","lineno":106}
{"timestamp":"2026-03-16T14:02:36.009598Z","level":"info","event":"Command exited with return code 0","logger":"airflow.task.hooks.airflow.providers.standard.hooks.subprocess.SubprocessHook","filename":"subprocess.py","lineno":110}
{"timestamp":"2026-03-16T14:02:36.010306Z","level":"info","event":"Pushing xcom","ti":"RuntimeTaskInstance(id=UUID('019cf6f2-5045-735e-a69e-64b65d3b0a8d'), task_id='dbt_run_1', dag_id='weather_update_1', run_id='scheduled__2026-03-16T14:00:00+00:00', try_number=1, dag_version_id=UUID('019cf6b3-bf62-76f9-b7ce-f55095d9affb'), map_index=-1, hostname='codespaces-d93758', context_carrier={}, task=<Task(BashOperator): dbt_run_1>, bundle_instance=LocalDagBundle(name=dags-folder), max_tries=2, start_date=datetime.datetime(2026, 3, 16, 14, 2, 32, 896705, tzinfo=datetime.timezone.utc), end_date=None, state=<TaskInstanceState.RUNNING: 'running'>, is_mapped=False, rendered_map_index=None)","logger":"task","filename":"task_runner.py","lineno":1360}
{"timestamp":"2026-03-16T14:02:36.037867Z","level":"info","event":"Task instance in success state","logger":"task.stdout"}
{"timestamp":"2026-03-16T14:02:36.038015Z","level":"info","event":" Previous state of the Task instance: TaskInstanceState.RUNNING","logger":"task.stdout"}
{"timestamp":"2026-03-16T14:02:36.038377Z","level":"info","event":"Task operator:<Task(BashOperator): dbt_run_1>","logger":"task.stdout"}
