{"timestamp":"2026-03-16T20:33:04.318619Z","level":"info","event":"DAG bundles loaded: dags-folder, example_dags","logger":"airflow.dag_processing.bundles.manager.DagBundlesManager","filename":"manager.py","lineno":179}
{"timestamp":"2026-03-16T20:33:04.319291Z","level":"info","event":"Filling up the DagBag from /workspaces/weather-pipeline/dags/weather_dag.py","logger":"airflow.models.dagbag.DagBag","filename":"dagbag.py","lineno":593}
{"timestamp":"2026-03-16T20:33:04.327363Z","level":"warning","event":"The `airflow.operators.bash.BashOperator` attribute is deprecated. Please use `'airflow.providers.standard.operators.bash.BashOperator'`.","category":"DeprecatedImportWarning","filename":"/workspaces/weather-pipeline/dags/weather_dag.py","lineno":2,"logger":"py.warnings"}
{"timestamp":"2026-03-16T20:33:04.327486Z","level":"warning","event":"The `airflow.operators.python.PythonOperator` attribute is deprecated. Please use `'airflow.providers.standard.operators.python.PythonOperator'`.","category":"DeprecatedImportWarning","filename":"/workspaces/weather-pipeline/dags/weather_dag.py","lineno":3,"logger":"py.warnings"}
{"timestamp":"2026-03-16T20:33:04.351473Z","level":"info","event":"Task instance is in running state","logger":"task.stdout"}
{"timestamp":"2026-03-16T20:33:04.351614Z","level":"info","event":" Previous state of the Task instance: TaskInstanceState.QUEUED","logger":"task.stdout"}
{"timestamp":"2026-03-16T20:33:04.351694Z","level":"info","event":"Current task name:dbt_run_1","logger":"task.stdout"}
{"timestamp":"2026-03-16T20:33:04.351767Z","level":"info","event":"Dag name:weather_update_1","logger":"task.stdout"}
{"timestamp":"2026-03-16T20:33:04.349904Z","level":"info","event":"Tmp dir root location: /tmp","logger":"airflow.task.hooks.airflow.providers.standard.hooks.subprocess.SubprocessHook","filename":"subprocess.py","lineno":78}
{"timestamp":"2026-03-16T20:33:04.350326Z","level":"info","event":"Running command: ['/usr/bin/bash', '-c', 'cd /workspaces/weather-pipeline/weather_dbt && dbt run']","logger":"airflow.task.hooks.airflow.providers.standard.hooks.subprocess.SubprocessHook","filename":"subprocess.py","lineno":88}
{"timestamp":"2026-03-16T20:33:04.373547Z","level":"info","event":"Output:","logger":"airflow.task.hooks.airflow.providers.standard.hooks.subprocess.SubprocessHook","filename":"subprocess.py","lineno":99}
{"timestamp":"2026-03-16T20:33:06.651630Z","level":"info","event":"\u001b[0m20:33:06  Running with dbt=1.9.3","logger":"airflow.task.hooks.airflow.providers.standard.hooks.subprocess.SubprocessHook","filename":"subprocess.py","lineno":106}
{"timestamp":"2026-03-16T20:33:07.027032Z","level":"info","event":"\u001b[0m20:33:07  Registered adapter: duckdb=1.9.2","logger":"airflow.task.hooks.airflow.providers.standard.hooks.subprocess.SubprocessHook","filename":"subprocess.py","lineno":106}
{"timestamp":"2026-03-16T20:33:07.704595Z","level":"info","event":"\u001b[0m20:33:07  Found 3 models, 6 data tests, 1 source, 426 macros","logger":"airflow.task.hooks.airflow.providers.standard.hooks.subprocess.SubprocessHook","filename":"subprocess.py","lineno":106}
{"timestamp":"2026-03-16T20:33:07.710184Z","level":"info","event":"\u001b[0m20:33:07","logger":"airflow.task.hooks.airflow.providers.standard.hooks.subprocess.SubprocessHook","filename":"subprocess.py","lineno":106}
{"timestamp":"2026-03-16T20:33:07.711813Z","level":"info","event":"\u001b[0m20:33:07  Concurrency: 1 threads (target='dev')","logger":"airflow.task.hooks.airflow.providers.standard.hooks.subprocess.SubprocessHook","filename":"subprocess.py","lineno":106}
{"timestamp":"2026-03-16T20:33:07.711920Z","level":"info","event":"\u001b[0m20:33:07","logger":"airflow.task.hooks.airflow.providers.standard.hooks.subprocess.SubprocessHook","filename":"subprocess.py","lineno":106}
{"timestamp":"2026-03-16T20:33:07.909057Z","level":"info","event":"\u001b[0m20:33:07  1 of 3 START sql view model main.stg_weather ................................... [RUN]","logger":"airflow.task.hooks.airflow.providers.standard.hooks.subprocess.SubprocessHook","filename":"subprocess.py","lineno":106}
{"timestamp":"2026-03-16T20:33:08.028093Z","level":"info","event":"\u001b[0m20:33:08  1 of 3 OK created sql view model main.stg_weather .............................. [\u001b[32mOK\u001b[0m in 0.12s]","logger":"airflow.task.hooks.airflow.providers.standard.hooks.subprocess.SubprocessHook","filename":"subprocess.py","lineno":106}
{"timestamp":"2026-03-16T20:33:08.031064Z","level":"info","event":"\u001b[0m20:33:08  2 of 3 START sql table model main.mart_weather_daily ........................... [RUN]","logger":"airflow.task.hooks.airflow.providers.standard.hooks.subprocess.SubprocessHook","filename":"subprocess.py","lineno":106}
{"timestamp":"2026-03-16T20:33:08.144688Z","level":"info","event":"\u001b[0m20:33:08  2 of 3 OK created sql table model main.mart_weather_daily ...................... [\u001b[32mOK\u001b[0m in 0.11s]","logger":"airflow.task.hooks.airflow.providers.standard.hooks.subprocess.SubprocessHook","filename":"subprocess.py","lineno":106}
{"timestamp":"2026-03-16T20:33:08.146723Z","level":"info","event":"\u001b[0m20:33:08  3 of 3 START sql table model main.weekly_summary ............................... [RUN]","logger":"airflow.task.hooks.airflow.providers.standard.hooks.subprocess.SubprocessHook","filename":"subprocess.py","lineno":106}
{"timestamp":"2026-03-16T20:33:08.198528Z","level":"info","event":"\u001b[0m20:33:08  3 of 3 OK created sql table model main.weekly_summary .......................... [\u001b[32mOK\u001b[0m in 0.05s]","logger":"airflow.task.hooks.airflow.providers.standard.hooks.subprocess.SubprocessHook","filename":"subprocess.py","lineno":106}
{"timestamp":"2026-03-16T20:33:08.205875Z","level":"info","event":"\u001b[0m20:33:08","logger":"airflow.task.hooks.airflow.providers.standard.hooks.subprocess.SubprocessHook","filename":"subprocess.py","lineno":106}
{"timestamp":"2026-03-16T20:33:08.206456Z","level":"info","event":"\u001b[0m20:33:08  Finished running 2 table models, 1 view model in 0 hours 0 minutes and 0.49 seconds (0.49s).","logger":"airflow.task.hooks.airflow.providers.standard.hooks.subprocess.SubprocessHook","filename":"subprocess.py","lineno":106}
{"timestamp":"2026-03-16T20:33:08.234986Z","level":"info","event":"\u001b[0m20:33:08","logger":"airflow.task.hooks.airflow.providers.standard.hooks.subprocess.SubprocessHook","filename":"subprocess.py","lineno":106}
{"timestamp":"2026-03-16T20:33:08.235400Z","level":"info","event":"\u001b[0m20:33:08  \u001b[32mCompleted successfully\u001b[0m","logger":"airflow.task.hooks.airflow.providers.standard.hooks.subprocess.SubprocessHook","filename":"subprocess.py","lineno":106}
{"timestamp":"2026-03-16T20:33:08.235893Z","level":"info","event":"\u001b[0m20:33:08","logger":"airflow.task.hooks.airflow.providers.standard.hooks.subprocess.SubprocessHook","filename":"subprocess.py","lineno":106}
{"timestamp":"2026-03-16T20:33:08.236432Z","level":"info","event":"\u001b[0m20:33:08  Done. PASS=3 WARN=0 ERROR=0 SKIP=0 TOTAL=3","logger":"airflow.task.hooks.airflow.providers.standard.hooks.subprocess.SubprocessHook","filename":"subprocess.py","lineno":106}
{"timestamp":"2026-03-16T20:33:08.877183Z","level":"info","event":"Command exited with return code 0","logger":"airflow.task.hooks.airflow.providers.standard.hooks.subprocess.SubprocessHook","filename":"subprocess.py","lineno":110}
{"timestamp":"2026-03-16T20:33:08.877858Z","level":"info","event":"Pushing xcom","ti":"RuntimeTaskInstance(id=UUID('019cf857-5d3b-7554-88e1-828a47ed8f5e'), task_id='dbt_run_1', dag_id='weather_update_1', run_id='scheduled__2026-03-16T20:30:00+00:00', try_number=1, dag_version_id=UUID('019cf84a-9e57-7f0b-877a-51590f2fdbe6'), map_index=-1, hostname='codespaces-d93758', context_carrier={}, task=<Task(BashOperator): dbt_run_1>, bundle_instance=LocalDagBundle(name=dags-folder), max_tries=2, start_date=datetime.datetime(2026, 3, 16, 20, 33, 4, 296372, tzinfo=datetime.timezone.utc), end_date=None, state=<TaskInstanceState.RUNNING: 'running'>, is_mapped=False, rendered_map_index=None)","logger":"task","filename":"task_runner.py","lineno":1360}
{"timestamp":"2026-03-16T20:33:08.903244Z","level":"info","event":"Task instance in success state","logger":"task.stdout"}
{"timestamp":"2026-03-16T20:33:08.903374Z","level":"info","event":" Previous state of the Task instance: TaskInstanceState.RUNNING","logger":"task.stdout"}
{"timestamp":"2026-03-16T20:33:08.903736Z","level":"info","event":"Task operator:<Task(BashOperator): dbt_run_1>","logger":"task.stdout"}
